This file contains any messages produced by compilers while
running configure, to aid debugging if configure makes a mistake.

It was created by gclip_select configure 0.4, which was
generated by GNU Autoconf 2.66.  Invocation command line was

  $ ./configure --no-create --no-recursion

## --------- ##
## Platform. ##
## --------- ##

hostname = HPQuad
uname -m = x86_64
uname -r = 2.6.35.12-88.fc14.x86_64
uname -s = Linux
uname -v = #1 SMP Thu Mar 31 21:21:57 UTC 2011

/usr/bin/uname -p = unknown
/bin/uname -X     = unknown

/bin/arch              = x86_64
/usr/bin/arch -k       = unknown
/usr/convex/getsysinfo = unknown
/usr/bin/hostinfo      = unknown
/bin/machine           = unknown
/usr/bin/oslevel       = unknown
/bin/universe          = unknown

PATH: /store/software/vala/installed/bin
PATH: /usr/lib64/qt-3.3/bin
PATH: /usr/lib64/ccache
PATH: /usr/local/bin
PATH: /usr/bin
PATH: /bin
PATH: /usr/local/sbin
PATH: /usr/sbin
PATH: /sbin
PATH: /home/atai/bin


## ----------- ##
## Core tests. ##
## ----------- ##

configure:2413: checking build system type
configure:2427: result: x86_64-unknown-linux-gnu
configure:2447: checking host system type
configure:2460: result: x86_64-unknown-linux-gnu
configure:2480: checking target system type
configure:2493: result: x86_64-unknown-linux-gnu
configure:2537: checking for a BSD-compatible install
configure:2605: result: /usr/bin/install -c
configure:2616: checking whether build environment is sane
configure:2666: result: yes
configure:2807: checking for a thread-safe mkdir -p
configure:2846: result: /bin/mkdir -p
configure:2859: checking for gawk
configure:2875: found /usr/bin/gawk
configure:2886: result: gawk
configure:2897: checking whether make sets $(MAKE)
configure:2919: result: yes
configure:3012: checking for style of include used by make
configure:3040: result: GNU
configure:3110: checking for gcc
configure:3126: found /usr/lib64/ccache/gcc
configure:3137: result: gcc
configure:3366: checking for C compiler version
configure:3375: gcc --version >&5
gcc (GCC) 4.5.1 20100924 (Red Hat 4.5.1-4)
Copyright (C) 2010 Free Software Foundation, Inc.
This is free software; see the source for copying conditions.  There is NO
warranty; not even for MERCHANTABILITY or FITNESS FOR A PARTICULAR PURPOSE.

configure:3386: $? = 0
configure:3375: gcc -v >&5
Using built-in specs.
COLLECT_GCC=/usr/bin/gcc
COLLECT_LTO_WRAPPER=/usr/libexec/gcc/x86_64-redhat-linux/4.5.1/lto-wrapper
Target: x86_64-redhat-linux
Configured with: ../configure --prefix=/usr --mandir=/usr/share/man --infodir=/usr/share/info --with-bugurl=http://bugzilla.redhat.com/bugzilla --enable-bootstrap --enable-shared --enable-threads=posix --enable-checking=release --with-system-zlib --enable-__cxa_atexit --disable-libunwind-exceptions --enable-gnu-unique-object --enable-linker-build-id --enable-languages=c,c++,objc,obj-c++,java,fortran,ada,lto --enable-plugin --enable-java-awt=gtk --disable-dssi --with-java-home=/usr/lib/jvm/java-1.5.0-gcj-1.5.0.0/jre --enable-libgcj-multifile --enable-java-maintainer-mode --with-ecj-jar=/usr/share/java/eclipse-ecj.jar --disable-libjava-multilib --with-ppl --with-cloog --with-tune=generic --with-arch_32=i686 --build=x86_64-redhat-linux
Thread model: posix
gcc version 4.5.1 20100924 (Red Hat 4.5.1-4) (GCC) 
configure:3386: $? = 0
configure:3375: gcc -V >&5
gcc: '-V' option must have argument
configure:3386: $? = 1
configure:3375: gcc -qversion >&5
gcc: unrecognized option '-qversion'
gcc: no input files
configure:3386: $? = 1
configure:3406: checking whether the C compiler works
configure:3428: gcc    conftest.c  >&5
configure:3432: $? = 0
configure:3480: result: yes
configure:3483: checking for C compiler default output file name
configure:3485: result: a.out
configure:3491: checking for suffix of executables
configure:3498: gcc -o conftest    conftest.c  >&5
configure:3502: $? = 0
configure:3524: result: 
configure:3546: checking whether we are cross compiling
configure:3554: gcc -o conftest    conftest.c  >&5
configure:3558: $? = 0
configure:3565: ./conftest
configure:3569: $? = 0
configure:3584: result: no
configure:3589: checking for suffix of object files
configure:3611: gcc -c   conftest.c >&5
configure:3615: $? = 0
configure:3636: result: o
configure:3640: checking whether we are using the GNU C compiler
configure:3659: gcc -c   conftest.c >&5
configure:3659: $? = 0
configure:3668: result: yes
configure:3677: checking whether gcc accepts -g
configure:3697: gcc -c -g  conftest.c >&5
configure:3697: $? = 0
configure:3738: result: yes
configure:3755: checking for gcc option to accept ISO C89
configure:3819: gcc  -c -g -O2  conftest.c >&5
configure:3819: $? = 0
configure:3832: result: none needed
configure:3854: checking dependency style of gcc
configure:3964: result: gcc3
configure:3985: checking how to run the C preprocessor
configure:4016: gcc -E  conftest.c
configure:4016: $? = 0
configure:4030: gcc -E  conftest.c
conftest.c:11:28: fatal error: ac_nonexistent.h: No such file or directory
compilation terminated.
configure:4030: $? = 1
configure: failed program was:
| /* confdefs.h */
| #define PACKAGE_NAME "gclip_select"
| #define PACKAGE_TARNAME "gclip_select"
| #define PACKAGE_VERSION "0.4"
| #define PACKAGE_STRING "gclip_select 0.4"
| #define PACKAGE_BUGREPORT ""
| #define PACKAGE_URL ""
| #define PACKAGE "gclip_select"
| #define VERSION "0.4"
| /* end confdefs.h.  */
| #include <ac_nonexistent.h>
configure:4055: result: gcc -E
configure:4075: gcc -E  conftest.c
configure:4075: $? = 0
configure:4089: gcc -E  conftest.c
conftest.c:11:28: fatal error: ac_nonexistent.h: No such file or directory
compilation terminated.
configure:4089: $? = 1
configure: failed program was:
| /* confdefs.h */
| #define PACKAGE_NAME "gclip_select"
| #define PACKAGE_TARNAME "gclip_select"
| #define PACKAGE_VERSION "0.4"
| #define PACKAGE_STRING "gclip_select 0.4"
| #define PACKAGE_BUGREPORT ""
| #define PACKAGE_URL ""
| #define PACKAGE "gclip_select"
| #define VERSION "0.4"
| /* end confdefs.h.  */
| #include <ac_nonexistent.h>
configure:4118: checking for grep that handles long lines and -e
configure:4176: result: /bin/grep
configure:4181: checking for egrep
configure:4243: result: /bin/grep -E
configure:4248: checking for ANSI C header files
configure:4268: gcc -c -g -O2  conftest.c >&5
configure:4268: $? = 0
configure:4341: gcc -o conftest -g -O2   conftest.c  >&5
configure:4341: $? = 0
configure:4341: ./conftest
configure:4341: $? = 0
configure:4352: result: yes
configure:4365: checking for sys/types.h
configure:4365: gcc -c -g -O2  conftest.c >&5
configure:4365: $? = 0
configure:4365: result: yes
configure:4365: checking for sys/stat.h
configure:4365: gcc -c -g -O2  conftest.c >&5
configure:4365: $? = 0
configure:4365: result: yes
configure:4365: checking for stdlib.h
configure:4365: gcc -c -g -O2  conftest.c >&5
configure:4365: $? = 0
configure:4365: result: yes
configure:4365: checking for string.h
configure:4365: gcc -c -g -O2  conftest.c >&5
configure:4365: $? = 0
configure:4365: result: yes
configure:4365: checking for memory.h
configure:4365: gcc -c -g -O2  conftest.c >&5
configure:4365: $? = 0
configure:4365: result: yes
configure:4365: checking for strings.h
configure:4365: gcc -c -g -O2  conftest.c >&5
configure:4365: $? = 0
configure:4365: result: yes
configure:4365: checking for inttypes.h
configure:4365: gcc -c -g -O2  conftest.c >&5
configure:4365: $? = 0
configure:4365: result: yes
configure:4365: checking for stdint.h
configure:4365: gcc -c -g -O2  conftest.c >&5
configure:4365: $? = 0
configure:4365: result: yes
configure:4365: checking for unistd.h
configure:4365: gcc -c -g -O2  conftest.c >&5
configure:4365: $? = 0
configure:4365: result: yes
configure:4378: checking minix/config.h usability
configure:4378: gcc -c -g -O2  conftest.c >&5
conftest.c:54:26: fatal error: minix/config.h: No such file or directory
compilation terminated.
configure:4378: $? = 1
configure: failed program was:
| /* confdefs.h */
| #define PACKAGE_NAME "gclip_select"
| #define PACKAGE_TARNAME "gclip_select"
| #define PACKAGE_VERSION "0.4"
| #define PACKAGE_STRING "gclip_select 0.4"
| #define PACKAGE_BUGREPORT ""
| #define PACKAGE_URL ""
| #define PACKAGE "gclip_select"
| #define VERSION "0.4"
| #define STDC_HEADERS 1
| #define HAVE_SYS_TYPES_H 1
| #define HAVE_SYS_STAT_H 1
| #define HAVE_STDLIB_H 1
| #define HAVE_STRING_H 1
| #define HAVE_MEMORY_H 1
| #define HAVE_STRINGS_H 1
| #define HAVE_INTTYPES_H 1
| #define HAVE_STDINT_H 1
| #define HAVE_UNISTD_H 1
| /* end confdefs.h.  */
| #include <stdio.h>
| #ifdef HAVE_SYS_TYPES_H
| # include <sys/types.h>
| #endif
| #ifdef HAVE_SYS_STAT_H
| # include <sys/stat.h>
| #endif
| #ifdef STDC_HEADERS
| # include <stdlib.h>
| # include <stddef.h>
| #else
| # ifdef HAVE_STDLIB_H
| #  include <stdlib.h>
| # endif
| #endif
| #ifdef HAVE_STRING_H
| # if !defined STDC_HEADERS && defined HAVE_MEMORY_H
| #  include <memory.h>
| # endif
| # include <string.h>
| #endif
| #ifdef HAVE_STRINGS_H
| # include <strings.h>
| #endif
| #ifdef HAVE_INTTYPES_H
| # include <inttypes.h>
| #endif
| #ifdef HAVE_STDINT_H
| # include <stdint.h>
| #endif
| #ifdef HAVE_UNISTD_H
| # include <unistd.h>
| #endif
| #include <minix/config.h>
configure:4378: result: no
configure:4378: checking minix/config.h presence
configure:4378: gcc -E  conftest.c
conftest.c:21:26: fatal error: minix/config.h: No such file or directory
compilation terminated.
configure:4378: $? = 1
configure: failed program was:
| /* confdefs.h */
| #define PACKAGE_NAME "gclip_select"
| #define PACKAGE_TARNAME "gclip_select"
| #define PACKAGE_VERSION "0.4"
| #define PACKAGE_STRING "gclip_select 0.4"
| #define PACKAGE_BUGREPORT ""
| #define PACKAGE_URL ""
| #define PACKAGE "gclip_select"
| #define VERSION "0.4"
| #define STDC_HEADERS 1
| #define HAVE_SYS_TYPES_H 1
| #define HAVE_SYS_STAT_H 1
| #define HAVE_STDLIB_H 1
| #define HAVE_STRING_H 1
| #define HAVE_MEMORY_H 1
| #define HAVE_STRINGS_H 1
| #define HAVE_INTTYPES_H 1
| #define HAVE_STDINT_H 1
| #define HAVE_UNISTD_H 1
| /* end confdefs.h.  */
| #include <minix/config.h>
configure:4378: result: no
configure:4378: checking for minix/config.h
configure:4378: result: no
configure:4399: checking whether it is safe to define __EXTENSIONS__
configure:4417: gcc -c -g -O2  conftest.c >&5
configure:4417: $? = 0
configure:4424: result: yes
configure:4441: checking whether make sets $(MAKE)
configure:4463: result: yes
configure:4828: checking how to print strings
configure:4855: result: printf
configure:4876: checking for a sed that does not truncate output
configure:4940: result: /bin/sed
configure:4958: checking for fgrep
configure:5020: result: /bin/grep -F
configure:5055: checking for ld used by gcc
configure:5122: result: /usr/bin/ld
configure:5129: checking if the linker (/usr/bin/ld) is GNU ld
configure:5144: result: yes
configure:5156: checking for BSD- or MS-compatible name lister (nm)
configure:5205: result: /usr/bin/nm -B
configure:5335: checking the name lister (/usr/bin/nm -B) interface
configure:5342: gcc -c -g -O2  conftest.c >&5
configure:5345: /usr/bin/nm -B "conftest.o"
configure:5348: output
0000000000000000 B some_variable
configure:5355: result: BSD nm
configure:5358: checking whether ln -s works
configure:5362: result: yes
configure:5370: checking the maximum length of command line arguments
configure:5495: result: 1572864
configure:5512: checking whether the shell understands some XSI constructs
configure:5522: result: yes
configure:5526: checking whether the shell understands "+="
configure:5532: result: yes
configure:5567: checking for /usr/bin/ld option to reload object files
configure:5574: result: -r
configure:5643: checking for objdump
configure:5670: result: objdump
configure:5699: checking how to recognize dependent libraries
configure:5901: result: pass_all
configure:5961: checking for ar
configure:5977: found /usr/bin/ar
configure:5988: result: ar
configure:6066: checking for strip
configure:6082: found /usr/bin/strip
configure:6093: result: strip
configure:6165: checking for ranlib
configure:6181: found /usr/bin/ranlib
configure:6192: result: ranlib
configure:6294: checking command to parse /usr/bin/nm -B output from gcc object
configure:6412: gcc -c -g -O2  conftest.c >&5
configure:6415: $? = 0
configure:6419: /usr/bin/nm -B conftest.o \| sed -n -e 's/^.*[ ]\([ABCDGIRSTW][ABCDGIRSTW]*\)[ ][ ]*\([_A-Za-z][_A-Za-z0-9]*\)$/\1 \2 \2/p' \> conftest.nm
configure:6422: $? = 0
configure:6476: gcc -o conftest -g -O2   conftest.c conftstm.o >&5
configure:6479: $? = 0
configure:6517: result: ok
configure:6612: gcc -c -g -O2  conftest.c >&5
configure:6615: $? = 0
configure:7354: checking for dlfcn.h
configure:7354: gcc -c -g -O2  conftest.c >&5
configure:7354: $? = 0
configure:7354: result: yes
configure:7537: checking for objdir
configure:7552: result: .libs
configure:7823: checking if gcc supports -fno-rtti -fno-exceptions
configure:7841: gcc -c -g -O2  -fno-rtti -fno-exceptions conftest.c >&5
cc1: warning: command line option "-fno-rtti" is valid for C++/ObjC++ but not for C
cc1: warning: command line option "-fno-rtti" is valid for C++/ObjC++ but not for C
configure:7845: $? = 0
configure:7858: result: no
configure:7878: checking for gcc option to produce PIC
configure:8163: result: -fPIC -DPIC
configure:8175: checking if gcc PIC flag -fPIC -DPIC works
configure:8193: gcc -c -g -O2  -fPIC -DPIC -DPIC conftest.c >&5
configure:8197: $? = 0
configure:8210: result: yes
configure:8234: checking if gcc static flag -static works
configure:8262: result: no
configure:8277: checking if gcc supports -c -o file.o
configure:8298: gcc -c -g -O2  -o out/conftest2.o conftest.c >&5
configure:8302: $? = 0
configure:8324: result: yes
configure:8332: checking if gcc supports -c -o file.o
configure:8379: result: yes
configure:8412: checking whether the gcc linker (/usr/bin/ld -m elf_x86_64) supports shared libraries
configure:9487: result: yes
configure:9524: checking whether -lc should be explicitly linked in
configure:9532: gcc -c -g -O2  conftest.c >&5
configure:9535: $? = 0
configure:9550: gcc -shared conftest.o  -v -Wl,-soname -Wl,conftest -o conftest 2\>\&1 \| /bin/grep  -lc  \>/dev/null 2\>\&1
configure:9553: $? = 0
configure:9567: result: no
configure:9732: checking dynamic linker characteristics
configure:10187: gcc -o conftest -g -O2   -Wl,-rpath -Wl,/foo conftest.c  >&5
configure:10187: $? = 0
configure:10413: result: GNU/Linux ld.so
configure:10520: checking how to hardcode library paths into programs
configure:10545: result: immediate
configure:10639: checking for shl_load
configure:10639: gcc -o conftest -g -O2   conftest.c  >&5
/tmp/ccERU22I.o: In function `main':
/home/atai/git_repo/gclip_select/conftest.c:62: undefined reference to `shl_load'
collect2: ld returned 1 exit status
configure:10639: $? = 1
configure: failed program was:
| /* confdefs.h */
| #define PACKAGE_NAME "gclip_select"
| #define PACKAGE_TARNAME "gclip_select"
| #define PACKAGE_VERSION "0.4"
| #define PACKAGE_STRING "gclip_select 0.4"
| #define PACKAGE_BUGREPORT ""
| #define PACKAGE_URL ""
| #define PACKAGE "gclip_select"
| #define VERSION "0.4"
| #define STDC_HEADERS 1
| #define HAVE_SYS_TYPES_H 1
| #define HAVE_SYS_STAT_H 1
| #define HAVE_STDLIB_H 1
| #define HAVE_STRING_H 1
| #define HAVE_MEMORY_H 1
| #define HAVE_STRINGS_H 1
| #define HAVE_INTTYPES_H 1
| #define HAVE_STDINT_H 1
| #define HAVE_UNISTD_H 1
| #define __EXTENSIONS__ 1
| #define _ALL_SOURCE 1
| #define _GNU_SOURCE 1
| #define _POSIX_PTHREAD_SEMANTICS 1
| #define _TANDEM_SOURCE 1
| #define HAVE_DLFCN_H 1
| #define LT_OBJDIR ".libs/"
| /* end confdefs.h.  */
| /* Define shl_load to an innocuous variant, in case <limits.h> declares shl_load.
|    For example, HP-UX 11i <limits.h> declares gettimeofday.  */
| #define shl_load innocuous_shl_load
| 
| /* System header to define __stub macros and hopefully few prototypes,
|     which can conflict with char shl_load (); below.
|     Prefer <limits.h> to <assert.h> if __STDC__ is defined, since
|     <limits.h> exists even on freestanding compilers.  */
| 
| #ifdef __STDC__
| # include <limits.h>
| #else
| # include <assert.h>
| #endif
| 
| #undef shl_load
| 
| /* Override any GCC internal prototype to avoid an error.
|    Use char because int might match the return type of a GCC
|    builtin and then its argument prototype would still apply.  */
| #ifdef __cplusplus
| extern "C"
| #endif
| char shl_load ();
| /* The GNU C library defines this for functions which it implements
|     to always fail with ENOSYS.  Some functions are actually named
|     something starting with __ and the normal name is an alias.  */
| #if defined __stub_shl_load || defined __stub___shl_load
| choke me
| #endif
| 
| int
| main ()
| {
| return shl_load ();
|   ;
|   return 0;
| }
configure:10639: result: no
configure:10643: checking for shl_load in -ldld
configure:10668: gcc -o conftest -g -O2   conftest.c -ldld   >&5
/usr/bin/ld: cannot find -ldld
collect2: ld returned 1 exit status
configure:10668: $? = 1
configure: failed program was:
| /* confdefs.h */
| #define PACKAGE_NAME "gclip_select"
| #define PACKAGE_TARNAME "gclip_select"
| #define PACKAGE_VERSION "0.4"
| #define PACKAGE_STRING "gclip_select 0.4"
| #define PACKAGE_BUGREPORT ""
| #define PACKAGE_URL ""
| #define PACKAGE "gclip_select"
| #define VERSION "0.4"
| #define STDC_HEADERS 1
| #define HAVE_SYS_TYPES_H 1
| #define HAVE_SYS_STAT_H 1
| #define HAVE_STDLIB_H 1
| #define HAVE_STRING_H 1
| #define HAVE_MEMORY_H 1
| #define HAVE_STRINGS_H 1
| #define HAVE_INTTYPES_H 1
| #define HAVE_STDINT_H 1
| #define HAVE_UNISTD_H 1
| #define __EXTENSIONS__ 1
| #define _ALL_SOURCE 1
| #define _GNU_SOURCE 1
| #define _POSIX_PTHREAD_SEMANTICS 1
| #define _TANDEM_SOURCE 1
| #define HAVE_DLFCN_H 1
| #define LT_OBJDIR ".libs/"
| /* end confdefs.h.  */
| 
| /* Override any GCC internal prototype to avoid an error.
|    Use char because int might match the return type of a GCC
|    builtin and then its argument prototype would still apply.  */
| #ifdef __cplusplus
| extern "C"
| #endif
| char shl_load ();
| int
| main ()
| {
| return shl_load ();
|   ;
|   return 0;
| }
configure:10677: result: no
configure:10682: checking for dlopen
configure:10682: gcc -o conftest -g -O2   conftest.c  >&5
/tmp/ccgcfZQT.o: In function `main':
/home/atai/git_repo/gclip_select/conftest.c:62: undefined reference to `dlopen'
collect2: ld returned 1 exit status
configure:10682: $? = 1
configure: failed program was:
| /* confdefs.h */
| #define PACKAGE_NAME "gclip_select"
| #define PACKAGE_TARNAME "gclip_select"
| #define PACKAGE_VERSION "0.4"
| #define PACKAGE_STRING "gclip_select 0.4"
| #define PACKAGE_BUGREPORT ""
| #define PACKAGE_URL ""
| #define PACKAGE "gclip_select"
| #define VERSION "0.4"
| #define STDC_HEADERS 1
| #define HAVE_SYS_TYPES_H 1
| #define HAVE_SYS_STAT_H 1
| #define HAVE_STDLIB_H 1
| #define HAVE_STRING_H 1
| #define HAVE_MEMORY_H 1
| #define HAVE_STRINGS_H 1
| #define HAVE_INTTYPES_H 1
| #define HAVE_STDINT_H 1
| #define HAVE_UNISTD_H 1
| #define __EXTENSIONS__ 1
| #define _ALL_SOURCE 1
| #define _GNU_SOURCE 1
| #define _POSIX_PTHREAD_SEMANTICS 1
| #define _TANDEM_SOURCE 1
| #define HAVE_DLFCN_H 1
| #define LT_OBJDIR ".libs/"
| /* end confdefs.h.  */
| /* Define dlopen to an innocuous variant, in case <limits.h> declares dlopen.
|    For example, HP-UX 11i <limits.h> declares gettimeofday.  */
| #define dlopen innocuous_dlopen
| 
| /* System header to define __stub macros and hopefully few prototypes,
|     which can conflict with char dlopen (); below.
|     Prefer <limits.h> to <assert.h> if __STDC__ is defined, since
|     <limits.h> exists even on freestanding compilers.  */
| 
| #ifdef __STDC__
| # include <limits.h>
| #else
| # include <assert.h>
| #endif
| 
| #undef dlopen
| 
| /* Override any GCC internal prototype to avoid an error.
|    Use char because int might match the return type of a GCC
|    builtin and then its argument prototype would still apply.  */
| #ifdef __cplusplus
| extern "C"
| #endif
| char dlopen ();
| /* The GNU C library defines this for functions which it implements
|     to always fail with ENOSYS.  Some functions are actually named
|     something starting with __ and the normal name is an alias.  */
| #if defined __stub_dlopen || defined __stub___dlopen
| choke me
| #endif
| 
| int
| main ()
| {
| return dlopen ();
|   ;
|   return 0;
| }
configure:10682: result: no
configure:10686: checking for dlopen in -ldl
configure:10711: gcc -o conftest -g -O2   conftest.c -ldl   >&5
configure:10711: $? = 0
configure:10720: result: yes
configure:10839: checking whether a program can dlopen itself
configure:10919: gcc -o conftest -g -O2  -DHAVE_DLFCN_H  -Wl,--export-dynamic conftest.c -ldl  >&5
configure:10922: $? = 0
configure:10940: result: yes
configure:10945: checking whether a statically linked program can dlopen itself
configure:11025: gcc -o conftest -g -O2  -DHAVE_DLFCN_H  -Wl,--export-dynamic  conftest.c -ldl  >&5
configure:11028: $? = 0
configure:11046: result: yes
configure:11085: checking whether stripping libraries is possible
configure:11090: result: yes
configure:11125: checking if libtool supports shared libraries
configure:11127: result: yes
configure:11130: checking whether to build shared libraries
configure:11151: result: yes
configure:11154: checking whether to build static libraries
configure:11158: result: yes
configure:11241: checking for gcc
configure:11268: result: gcc
configure:11497: checking for C compiler version
configure:11506: gcc --version >&5
gcc (GCC) 4.5.1 20100924 (Red Hat 4.5.1-4)
Copyright (C) 2010 Free Software Foundation, Inc.
This is free software; see the source for copying conditions.  There is NO
warranty; not even for MERCHANTABILITY or FITNESS FOR A PARTICULAR PURPOSE.

configure:11517: $? = 0
configure:11506: gcc -v >&5
Using built-in specs.
COLLECT_GCC=/usr/bin/gcc
COLLECT_LTO_WRAPPER=/usr/libexec/gcc/x86_64-redhat-linux/4.5.1/lto-wrapper
Target: x86_64-redhat-linux
Configured with: ../configure --prefix=/usr --mandir=/usr/share/man --infodir=/usr/share/info --with-bugurl=http://bugzilla.redhat.com/bugzilla --enable-bootstrap --enable-shared --enable-threads=posix --enable-checking=release --with-system-zlib --enable-__cxa_atexit --disable-libunwind-exceptions --enable-gnu-unique-object --enable-linker-build-id --enable-languages=c,c++,objc,obj-c++,java,fortran,ada,lto --enable-plugin --enable-java-awt=gtk --disable-dssi --with-java-home=/usr/lib/jvm/java-1.5.0-gcj-1.5.0.0/jre --enable-libgcj-multifile --enable-java-maintainer-mode --with-ecj-jar=/usr/share/java/eclipse-ecj.jar --disable-libjava-multilib --with-ppl --with-cloog --with-tune=generic --with-arch_32=i686 --build=x86_64-redhat-linux
Thread model: posix
gcc version 4.5.1 20100924 (Red Hat 4.5.1-4) (GCC) 
configure:11517: $? = 0
configure:11506: gcc -V >&5
gcc: '-V' option must have argument
configure:11517: $? = 1
configure:11506: gcc -qversion >&5
gcc: unrecognized option '-qversion'
gcc: no input files
configure:11517: $? = 1
configure:11521: checking whether we are using the GNU C compiler
configure:11549: result: yes
configure:11558: checking whether gcc accepts -g
configure:11619: result: yes
configure:11636: checking for gcc option to accept ISO C89
configure:11713: result: none needed
configure:11735: checking dependency style of gcc
configure:11845: result: gcc3
configure:11918: checking for g++
configure:11934: found /usr/lib64/ccache/g++
configure:11945: result: g++
configure:11972: checking for C++ compiler version
configure:11981: g++ --version >&5
g++ (GCC) 4.5.1 20100924 (Red Hat 4.5.1-4)
Copyright (C) 2010 Free Software Foundation, Inc.
This is free software; see the source for copying conditions.  There is NO
warranty; not even for MERCHANTABILITY or FITNESS FOR A PARTICULAR PURPOSE.

configure:11992: $? = 0
configure:11981: g++ -v >&5
Using built-in specs.
COLLECT_GCC=/usr/bin/g++
COLLECT_LTO_WRAPPER=/usr/libexec/gcc/x86_64-redhat-linux/4.5.1/lto-wrapper
Target: x86_64-redhat-linux
Configured with: ../configure --prefix=/usr --mandir=/usr/share/man --infodir=/usr/share/info --with-bugurl=http://bugzilla.redhat.com/bugzilla --enable-bootstrap --enable-shared --enable-threads=posix --enable-checking=release --with-system-zlib --enable-__cxa_atexit --disable-libunwind-exceptions --enable-gnu-unique-object --enable-linker-build-id --enable-languages=c,c++,objc,obj-c++,java,fortran,ada,lto --enable-plugin --enable-java-awt=gtk --disable-dssi --with-java-home=/usr/lib/jvm/java-1.5.0-gcj-1.5.0.0/jre --enable-libgcj-multifile --enable-java-maintainer-mode --with-ecj-jar=/usr/share/java/eclipse-ecj.jar --disable-libjava-multilib --with-ppl --with-cloog --with-tune=generic --with-arch_32=i686 --build=x86_64-redhat-linux
Thread model: posix
gcc version 4.5.1 20100924 (Red Hat 4.5.1-4) (GCC) 
configure:11992: $? = 0
configure:11981: g++ -V >&5
g++: '-V' option must have argument
configure:11992: $? = 1
configure:11981: g++ -qversion >&5
g++: unrecognized option '-qversion'
g++: no input files
configure:11992: $? = 1
configure:11996: checking whether we are using the GNU C++ compiler
configure:12015: g++ -c   conftest.cpp >&5
configure:12015: $? = 0
configure:12024: result: yes
configure:12033: checking whether g++ accepts -g
configure:12053: g++ -c -g  conftest.cpp >&5
configure:12053: $? = 0
configure:12094: result: yes
configure:12119: checking dependency style of g++
configure:12229: result: gcc3
configure:12252: checking how to run the C++ preprocessor
configure:12279: g++ -E  conftest.cpp
configure:12279: $? = 0
configure:12293: g++ -E  conftest.cpp
conftest.cpp:28:28: fatal error: ac_nonexistent.h: No such file or directory
compilation terminated.
configure:12293: $? = 1
configure: failed program was:
| /* confdefs.h */
| #define PACKAGE_NAME "gclip_select"
| #define PACKAGE_TARNAME "gclip_select"
| #define PACKAGE_VERSION "0.4"
| #define PACKAGE_STRING "gclip_select 0.4"
| #define PACKAGE_BUGREPORT ""
| #define PACKAGE_URL ""
| #define PACKAGE "gclip_select"
| #define VERSION "0.4"
| #define STDC_HEADERS 1
| #define HAVE_SYS_TYPES_H 1
| #define HAVE_SYS_STAT_H 1
| #define HAVE_STDLIB_H 1
| #define HAVE_STRING_H 1
| #define HAVE_MEMORY_H 1
| #define HAVE_STRINGS_H 1
| #define HAVE_INTTYPES_H 1
| #define HAVE_STDINT_H 1
| #define HAVE_UNISTD_H 1
| #define __EXTENSIONS__ 1
| #define _ALL_SOURCE 1
| #define _GNU_SOURCE 1
| #define _POSIX_PTHREAD_SEMANTICS 1
| #define _TANDEM_SOURCE 1
| #define HAVE_DLFCN_H 1
| #define LT_OBJDIR ".libs/"
| /* end confdefs.h.  */
| #include <ac_nonexistent.h>
configure:12318: result: g++ -E
configure:12338: g++ -E  conftest.cpp
configure:12338: $? = 0
configure:12352: g++ -E  conftest.cpp
conftest.cpp:28:28: fatal error: ac_nonexistent.h: No such file or directory
compilation terminated.
configure:12352: $? = 1
configure: failed program was:
| /* confdefs.h */
| #define PACKAGE_NAME "gclip_select"
| #define PACKAGE_TARNAME "gclip_select"
| #define PACKAGE_VERSION "0.4"
| #define PACKAGE_STRING "gclip_select 0.4"
| #define PACKAGE_BUGREPORT ""
| #define PACKAGE_URL ""
| #define PACKAGE "gclip_select"
| #define VERSION "0.4"
| #define STDC_HEADERS 1
| #define HAVE_SYS_TYPES_H 1
| #define HAVE_SYS_STAT_H 1
| #define HAVE_STDLIB_H 1
| #define HAVE_STRING_H 1
| #define HAVE_MEMORY_H 1
| #define HAVE_STRINGS_H 1
| #define HAVE_INTTYPES_H 1
| #define HAVE_STDINT_H 1
| #define HAVE_UNISTD_H 1
| #define __EXTENSIONS__ 1
| #define _ALL_SOURCE 1
| #define _GNU_SOURCE 1
| #define _POSIX_PTHREAD_SEMANTICS 1
| #define _TANDEM_SOURCE 1
| #define HAVE_DLFCN_H 1
| #define LT_OBJDIR ".libs/"
| /* end confdefs.h.  */
| #include <ac_nonexistent.h>
configure:12520: checking for ld used by g++
configure:12587: result: /usr/bin/ld -m elf_x86_64
configure:12594: checking if the linker (/usr/bin/ld -m elf_x86_64) is GNU ld
configure:12609: result: yes
configure:12664: checking whether the g++ linker (/usr/bin/ld -m elf_x86_64) supports shared libraries
configure:13596: result: yes
configure:13624: g++ -c -g -O2  conftest.cpp >&5
configure:13627: $? = 0
configure:13809: checking for g++ option to produce PIC
configure:14131: result: -fPIC -DPIC
configure:14140: checking if g++ PIC flag -fPIC -DPIC works
configure:14158: g++ -c -g -O2  -fPIC -DPIC -DPIC conftest.cpp >&5
configure:14162: $? = 0
configure:14175: result: yes
configure:14196: checking if g++ static flag -static works
configure:14224: result: no
configure:14236: checking if g++ supports -c -o file.o
configure:14257: g++ -c -g -O2  -o out/conftest2.o conftest.cpp >&5
configure:14261: $? = 0
configure:14283: result: yes
configure:14288: checking if g++ supports -c -o file.o
configure:14335: result: yes
configure:14365: checking whether the g++ linker (/usr/bin/ld -m elf_x86_64) supports shared libraries
configure:14393: result: yes
configure:14536: checking dynamic linker characteristics
configure:15151: result: GNU/Linux ld.so
configure:15204: checking how to hardcode library paths into programs
configure:15229: result: immediate
configure:15271: checking for valac
configure:15289: found /store/software/vala/installed/bin/valac
configure:15301: result: /store/software/vala/installed/bin/valac
configure:15314: checking /store/software/vala/installed/bin/valac is at least version 0.7.0
configure:15322: result: yes
configure:15394: checking for pkg-config
configure:15412: found /usr/bin/pkg-config
configure:15424: result: /usr/bin/pkg-config
configure:15449: checking pkg-config is at least version 0.9.0
configure:15452: result: yes
configure:15462: checking for GUI
configure:15469: $PKG_CONFIG --exists --print-errors "gtk+-2.0 glib-2.0 gee-1.0 pango"
configure:15472: $? = 0
configure:15485: $PKG_CONFIG --exists --print-errors "gtk+-2.0 glib-2.0 gee-1.0 pango"
configure:15488: $? = 0
configure:15547: result: yes
configure:15721: creating ./config.status

## ---------------- ##
## Cache variables. ##
## ---------------- ##

ac_cv_build=x86_64-unknown-linux-gnu
ac_cv_c_compiler_gnu=yes
ac_cv_cxx_compiler_gnu=yes
ac_cv_env_CCC_set=
ac_cv_env_CCC_value=
ac_cv_env_CC_set=
ac_cv_env_CC_value=
ac_cv_env_CFLAGS_set=
ac_cv_env_CFLAGS_value=
ac_cv_env_CPPFLAGS_set=
ac_cv_env_CPPFLAGS_value=
ac_cv_env_CPP_set=
ac_cv_env_CPP_value=
ac_cv_env_CXXCPP_set=
ac_cv_env_CXXCPP_value=
ac_cv_env_CXXFLAGS_set=
ac_cv_env_CXXFLAGS_value=
ac_cv_env_CXX_set=
ac_cv_env_CXX_value=
ac_cv_env_GUI_CFLAGS_set=
ac_cv_env_GUI_CFLAGS_value=
ac_cv_env_GUI_LIBS_set=
ac_cv_env_GUI_LIBS_value=
ac_cv_env_LDFLAGS_set=
ac_cv_env_LDFLAGS_value=
ac_cv_env_LIBS_set=
ac_cv_env_LIBS_value=
ac_cv_env_PKG_CONFIG_LIBDIR_set=
ac_cv_env_PKG_CONFIG_LIBDIR_value=
ac_cv_env_PKG_CONFIG_PATH_set=
ac_cv_env_PKG_CONFIG_PATH_value=
ac_cv_env_PKG_CONFIG_set=
ac_cv_env_PKG_CONFIG_value=
ac_cv_env_build_alias_set=
ac_cv_env_build_alias_value=
ac_cv_env_host_alias_set=
ac_cv_env_host_alias_value=
ac_cv_env_target_alias_set=
ac_cv_env_target_alias_value=
ac_cv_func_dlopen=no
ac_cv_func_shl_load=no
ac_cv_header_dlfcn_h=yes
ac_cv_header_inttypes_h=yes
ac_cv_header_memory_h=yes
ac_cv_header_minix_config_h=no
ac_cv_header_stdc=yes
ac_cv_header_stdint_h=yes
ac_cv_header_stdlib_h=yes
ac_cv_header_string_h=yes
ac_cv_header_strings_h=yes
ac_cv_header_sys_stat_h=yes
ac_cv_header_sys_types_h=yes
ac_cv_header_unistd_h=yes
ac_cv_host=x86_64-unknown-linux-gnu
ac_cv_lib_dl_dlopen=yes
ac_cv_lib_dld_shl_load=no
ac_cv_objext=o
ac_cv_path_EGREP='/bin/grep -E'
ac_cv_path_FGREP='/bin/grep -F'
ac_cv_path_GREP=/bin/grep
ac_cv_path_SED=/bin/sed
ac_cv_path_VALAC=/store/software/vala/installed/bin/valac
ac_cv_path_ac_pt_PKG_CONFIG=/usr/bin/pkg-config
ac_cv_path_install='/usr/bin/install -c'
ac_cv_path_mkdir=/bin/mkdir
ac_cv_prog_AWK=gawk
ac_cv_prog_CPP='gcc -E'
ac_cv_prog_CXXCPP='g++ -E'
ac_cv_prog_ac_ct_AR=ar
ac_cv_prog_ac_ct_CC=gcc
ac_cv_prog_ac_ct_CXX=g++
ac_cv_prog_ac_ct_OBJDUMP=objdump
ac_cv_prog_ac_ct_RANLIB=ranlib
ac_cv_prog_ac_ct_STRIP=strip
ac_cv_prog_cc_c89=
ac_cv_prog_cc_g=yes
ac_cv_prog_cxx_g=yes
ac_cv_prog_make_make_set=yes
ac_cv_safe_to_define___extensions__=yes
ac_cv_target=x86_64-unknown-linux-gnu
am_cv_CC_dependencies_compiler_type=gcc3
am_cv_CXX_dependencies_compiler_type=gcc3
lt_cv_archive_cmds_need_lc=no
lt_cv_deplibs_check_method=pass_all
lt_cv_dlopen=dlopen
lt_cv_dlopen_libs=-ldl
lt_cv_dlopen_self=yes
lt_cv_dlopen_self_static=yes
lt_cv_file_magic_cmd='$MAGIC_CMD'
lt_cv_file_magic_test_file=
lt_cv_ld_reload_flag=-r
lt_cv_nm_interface='BSD nm'
lt_cv_objdir=.libs
lt_cv_path_LD=/usr/bin/ld
lt_cv_path_LDCXX='/usr/bin/ld -m elf_x86_64'
lt_cv_path_NM='/usr/bin/nm -B'
lt_cv_prog_compiler_c_o=yes
lt_cv_prog_compiler_c_o_CXX=yes
lt_cv_prog_compiler_pic_works=yes
lt_cv_prog_compiler_pic_works_CXX=yes
lt_cv_prog_compiler_rtti_exceptions=no
lt_cv_prog_compiler_static_works=no
lt_cv_prog_compiler_static_works_CXX=no
lt_cv_prog_gnu_ld=yes
lt_cv_prog_gnu_ldcxx=yes
lt_cv_shlibpath_overrides_runpath=no
lt_cv_sys_global_symbol_pipe='sed -n -e '\''s/^.*[	 ]\([ABCDGIRSTW][ABCDGIRSTW]*\)[	 ][	 ]*\([_A-Za-z][_A-Za-z0-9]*\)$/\1 \2 \2/p'\'''
lt_cv_sys_global_symbol_to_c_name_address='sed -n -e '\''s/^: \([^ ]*\) $/  {\"\1\", (void *) 0},/p'\'' -e '\''s/^[ABCDGIRSTW]* \([^ ]*\) \([^ ]*\)$/  {"\2", (void *) \&\2},/p'\'''
lt_cv_sys_global_symbol_to_c_name_address_lib_prefix='sed -n -e '\''s/^: \([^ ]*\) $/  {\"\1\", (void *) 0},/p'\'' -e '\''s/^[ABCDGIRSTW]* \([^ ]*\) \(lib[^ ]*\)$/  {"\2", (void *) \&\2},/p'\'' -e '\''s/^[ABCDGIRSTW]* \([^ ]*\) \([^ ]*\)$/  {"lib\2", (void *) \&\2},/p'\'''
lt_cv_sys_global_symbol_to_cdecl='sed -n -e '\''s/^T .* \(.*\)$/extern int \1();/p'\'' -e '\''s/^[ABCDGIRSTW]* .* \(.*\)$/extern char \1;/p'\'''
lt_cv_sys_max_cmd_len=1572864
pkg_cv_GUI_CFLAGS='-pthread -I/usr/include/gtk-2.0 -I/usr/lib64/gtk-2.0/include -I/usr/include/atk-1.0 -I/usr/include/cairo -I/usr/include/gdk-pixbuf-2.0 -I/usr/include/pango-1.0 -I/usr/include/glib-2.0 -I/usr/lib64/glib-2.0/include -I/usr/include/pixman-1 -I/usr/include/freetype2 -I/usr/include/libpng12 -I/usr/include/gee-1.0  '
pkg_cv_GUI_LIBS='-pthread -lgtk-x11-2.0 -lgdk-x11-2.0 -latk-1.0 -lgio-2.0 -lpangoft2-1.0 -lpangocairo-1.0 -lgdk_pixbuf-2.0 -lm -lcairo -lpng12 -lfreetype -lfontconfig -lgee -lpango-1.0 -lgobject-2.0 -lgmodule-2.0 -lgthread-2.0 -lrt -lglib-2.0  '

## ----------------- ##
## Output variables. ##
## ----------------- ##

ACLOCAL='${SHELL} /home/atai/git_repo/gclip_select/missing --run aclocal-1.11'
AMDEPBACKSLASH='\'
AMDEP_FALSE='#'
AMDEP_TRUE=''
AMTAR='${SHELL} /home/atai/git_repo/gclip_select/missing --run tar'
AR='ar'
AS='as'
AUTOCONF='${SHELL} /home/atai/git_repo/gclip_select/missing --run autoconf'
AUTOHEADER='${SHELL} /home/atai/git_repo/gclip_select/missing --run autoheader'
AUTOMAKE='${SHELL} /home/atai/git_repo/gclip_select/missing --run automake-1.11'
AWK='gawk'
CC='gcc'
CCDEPMODE='depmode=gcc3'
CFLAGS='-g -O2'
CPP='gcc -E'
CPPFLAGS=''
CXX='g++'
CXXCPP='g++ -E'
CXXDEPMODE='depmode=gcc3'
CXXFLAGS='-g -O2'
CYGPATH_W='echo'
DEFS='-DPACKAGE_NAME=\"gclip_select\" -DPACKAGE_TARNAME=\"gclip_select\" -DPACKAGE_VERSION=\"0.4\" -DPACKAGE_STRING=\"gclip_select\ 0.4\" -DPACKAGE_BUGREPORT=\"\" -DPACKAGE_URL=\"\" -DPACKAGE=\"gclip_select\" -DVERSION=\"0.4\" -DSTDC_HEADERS=1 -DHAVE_SYS_TYPES_H=1 -DHAVE_SYS_STAT_H=1 -DHAVE_STDLIB_H=1 -DHAVE_STRING_H=1 -DHAVE_MEMORY_H=1 -DHAVE_STRINGS_H=1 -DHAVE_INTTYPES_H=1 -DHAVE_STDINT_H=1 -DHAVE_UNISTD_H=1 -D__EXTENSIONS__=1 -D_ALL_SOURCE=1 -D_GNU_SOURCE=1 -D_POSIX_PTHREAD_SEMANTICS=1 -D_TANDEM_SOURCE=1 -DHAVE_DLFCN_H=1 -DLT_OBJDIR=\".libs/\" -D_GNU_SOURCE=1'
DEPDIR='.deps'
DLLTOOL='dlltool'
DSYMUTIL=''
DUMPBIN=''
ECHO_C=''
ECHO_N='-n'
ECHO_T=''
EGREP='/bin/grep -E'
EXEEXT=''
FGREP='/bin/grep -F'
GREP='/bin/grep'
GUI_CFLAGS='-pthread -I/usr/include/gtk-2.0 -I/usr/lib64/gtk-2.0/include -I/usr/include/atk-1.0 -I/usr/include/cairo -I/usr/include/gdk-pixbuf-2.0 -I/usr/include/pango-1.0 -I/usr/include/glib-2.0 -I/usr/lib64/glib-2.0/include -I/usr/include/pixman-1 -I/usr/include/freetype2 -I/usr/include/libpng12 -I/usr/include/gee-1.0  '
GUI_LIBS='-pthread -lgtk-x11-2.0 -lgdk-x11-2.0 -latk-1.0 -lgio-2.0 -lpangoft2-1.0 -lpangocairo-1.0 -lgdk_pixbuf-2.0 -lm -lcairo -lpng12 -lfreetype -lfontconfig -lgee -lpango-1.0 -lgobject-2.0 -lgmodule-2.0 -lgthread-2.0 -lrt -lglib-2.0  '
INSTALL_DATA='${INSTALL} -m 644'
INSTALL_PROGRAM='${INSTALL}'
INSTALL_SCRIPT='${INSTALL}'
INSTALL_STRIP_PROGRAM='$(install_sh) -c -s'
LD='/usr/bin/ld -m elf_x86_64'
LDFLAGS=''
LIBOBJS=''
LIBS=''
LIBTOOL='$(SHELL) $(top_builddir)/libtool'
LIPO=''
LN_S='ln -s'
LTLIBOBJS=''
MAKEINFO='${SHELL} /home/atai/git_repo/gclip_select/missing --run makeinfo'
MKDIR_P='/bin/mkdir -p'
NM='/usr/bin/nm -B'
NMEDIT=''
OBJDUMP='objdump'
OBJEXT='o'
OTOOL64=''
OTOOL=''
PACKAGE='gclip_select'
PACKAGE_BUGREPORT=''
PACKAGE_NAME='gclip_select'
PACKAGE_STRING='gclip_select 0.4'
PACKAGE_TARNAME='gclip_select'
PACKAGE_URL=''
PACKAGE_VERSION='0.4'
PATH_SEPARATOR=':'
PKG_CONFIG='/usr/bin/pkg-config'
PKG_CONFIG_LIBDIR=''
PKG_CONFIG_PATH=''
RANLIB='ranlib'
SED='/bin/sed'
SET_MAKE=''
SHELL='/bin/sh'
STRIP='strip'
VALAC='/store/software/vala/installed/bin/valac'
VERSION='0.4'
ac_ct_CC='gcc'
ac_ct_CXX='g++'
ac_ct_DUMPBIN=''
am__EXEEXT_FALSE=''
am__EXEEXT_TRUE='#'
am__fastdepCC_FALSE='#'
am__fastdepCC_TRUE=''
am__fastdepCXX_FALSE='#'
am__fastdepCXX_TRUE=''
am__include='include'
am__isrc=''
am__leading_dot='.'
am__quote=''
am__tar='${AMTAR} chof - "$$tardir"'
am__untar='${AMTAR} xf -'
bindir='${exec_prefix}/bin'
build='x86_64-unknown-linux-gnu'
build_alias=''
build_cpu='x86_64'
build_os='linux-gnu'
build_vendor='unknown'
datadir='${datarootdir}'
datarootdir='${prefix}/share'
docdir='${datarootdir}/doc/${PACKAGE_TARNAME}'
dvidir='${docdir}'
exec_prefix='${prefix}'
host='x86_64-unknown-linux-gnu'
host_alias=''
host_cpu='x86_64'
host_os='linux-gnu'
host_vendor='unknown'
htmldir='${docdir}'
includedir='${prefix}/include'
infodir='${datarootdir}/info'
install_sh='${SHELL} /home/atai/git_repo/gclip_select/install-sh'
libdir='${exec_prefix}/lib'
libexecdir='${exec_prefix}/libexec'
localedir='${datarootdir}/locale'
localstatedir='${prefix}/var'
mandir='${datarootdir}/man'
mkdir_p='/bin/mkdir -p'
oldincludedir='/usr/include'
pdfdir='${docdir}'
prefix='/usr/local'
program_transform_name='s,x,x,'
psdir='${docdir}'
real_top='.'
sbindir='${exec_prefix}/sbin'
sharedstatedir='${prefix}/com'
sysconfdir='${prefix}/etc'
target='x86_64-unknown-linux-gnu'
target_alias=''
target_cpu='x86_64'
target_os='linux-gnu'
target_vendor='unknown'

## ----------- ##
## confdefs.h. ##
## ----------- ##

/* confdefs.h */
#define PACKAGE_NAME "gclip_select"
#define PACKAGE_TARNAME "gclip_select"
#define PACKAGE_VERSION "0.4"
#define PACKAGE_STRING "gclip_select 0.4"
#define PACKAGE_BUGREPORT ""
#define PACKAGE_URL ""
#define PACKAGE "gclip_select"
#define VERSION "0.4"
#define STDC_HEADERS 1
#define HAVE_SYS_TYPES_H 1
#define HAVE_SYS_STAT_H 1
#define HAVE_STDLIB_H 1
#define HAVE_STRING_H 1
#define HAVE_MEMORY_H 1
#define HAVE_STRINGS_H 1
#define HAVE_INTTYPES_H 1
#define HAVE_STDINT_H 1
#define HAVE_UNISTD_H 1
#define __EXTENSIONS__ 1
#define _ALL_SOURCE 1
#define _GNU_SOURCE 1
#define _POSIX_PTHREAD_SEMANTICS 1
#define _TANDEM_SOURCE 1
#define HAVE_DLFCN_H 1
#define LT_OBJDIR ".libs/"
#define _GNU_SOURCE 1

configure: exit 0

## ---------------------- ##
## Running config.status. ##
## ---------------------- ##

This file was extended by gclip_select config.status 0.4, which was
generated by GNU Autoconf 2.66.  Invocation command line was

  CONFIG_FILES    = 
  CONFIG_HEADERS  = 
  CONFIG_LINKS    = 
  CONFIG_COMMANDS = 
  $ ./config.status 

on HPQuad

config.status:1070: creating Makefile
config.status:1241: executing depfiles commands
config.status:1241: executing libtool commands
